
ROM used:   540/8192 (7%)
            540/8192 (7%) including unused fragments

            0.4 Average locations per line
            1.7 Average locations per statement

RAM used:   62/368 (17%) at main() level
            65/368 (18%) worst case

Stack used: 3 worst case (3 in main + 0 for interrupts)
Stack size: 8

Lines Stmts  %   Files
----- ----- ---  -----
  257   198  61  main.c
  639     0   0  ..\..\..\..\..\..\Program Files (x86)\PICC\Devices\16F877.h
   37     0   0  ..\..\..\..\..\..\Program Files (x86)\PICC\Drivers\stdio.h
  423   125  39  ..\..\..\..\..\..\Program Files (x86)\PICC\Drivers\string.h
   32     0   0  ..\..\..\..\..\..\Program Files (x86)\PICC\Drivers\stddef.h
   28     0   0  ..\..\..\..\..\..\Program Files (x86)\PICC\Drivers\ctype.h
----- -----
 1416   323 Total

Page ROM  %  RAM   Vol Diff  Functions:
---- --- --- ---   --- ----  ----------
 Inline         5   231  6.6  strcmp
0     21   4    1             @delay_ms1
0    185  34    2  1226  6.8  MAIN
0     15   3    2   147  2.2  display
0    175  32    1  3164  4.4  keypad
0      4   1    0    17  0.8  debounce
0    136  25    1   543  5.7  check
 Inline         0             @cinit1

Program metrics:
    Functions               6
    Statements              323
    Comments                332
    Volume (V)              6807
    Difficulty (D)          27.4
    Effort to implement (E) 186229
    Time to implement (T)   2 hours, 52 minutes
    Est Delivered Bugs (B)  1
    Cyclomatic Complexity   39
    Maintainability (MI)    25

 Segment     Used  Free
-----------  ----  ----
00000-00003     4  0  
00004-007FF   536  1508  
00800-00FFF     0  2048  
01000-017FF     0  2048  
01800-01FFF     0  2048  



